2025-06-26 03:36:47,294 - NOMOCR - ERROR - Error: D:\learning\lab NLP\Week03\ATRI\ThanhHoaQuanPhong\image_processed\Han_Nom\page062.jpg - Upload: t_access_denied
2025-06-26 09:32:01,684 - NOMOCR - ERROR - Error: D:\learning\lab NLP\Week03\SachDNQSDC\DNQSDC\image_label\DNQSDC_022.jpg - Upload: t_access_denied
2025-07-05 20:49:00,814 - NOMOCR - ERROR - Error: D:\learning\lab NLP\WeekOCR\selected_bia\image\Han_Nom\T09_08456.png - Upload: Failed to upload image: Invalid Firebase token - could not extract UID
2025-07-05 20:49:17,956 - NOMOCR - ERROR - Error: D:\learning\lab NLP\WeekOCR\selected_bia\image\Han_Nom\T09_08456.png - Upload: Failed to upload image: Invalid Firebase token - could not extract UID
2025-07-09 11:17:29,582 - NOMOCR - ERROR - Error: D:\learning\lab NLP\WeekOCR\selected_bia\image\Han_Nom\T09_08456.png - Upload: Failed to upload image: Missing or invalid Bearer token
2025-07-09 12:16:29,256 - NOMOCR - ERROR - Error: D:\learning\lab NLP\WeekOCR\selected_bia\image\Han_Nom\T09_08456.png - Upload: Failed to upload image: Invalid Firebase token - could not extract UID
2025-07-09 12:30:35,506 - NOMOCR - ERROR - Error: D:\learning\lab NLP\WeekOCR\selected_bia\image\Han_Nom\T09_08456.png - Upload: Failed to upload image: Missing or invalid Bearer token
2025-07-09 12:49:11,727 - NOMOCR - ERROR - Error: D:\learning\lab NLP\WeekOCR\selected_bia\image\Han_Nom\T09_08456.png - Upload: Đăng nhập Firebase thất bại: {
  "error": {
    "code": 400,
    "message": "CONFIGURATION_NOT_FOUND",
    "errors": [
      {
        "message": "CONFIGURATION_NOT_FOUND",
        "domain": "global",
        "reason": "invalid"
      }
    ]
  }
}

2025-07-09 12:51:18,245 - NOMOCR - ERROR - Error: D:\learning\lab NLP\WeekOCR\selected_bia\image\Han_Nom\T09_08456.png - Upload: Đăng nhập Firebase thất bại: {
  "error": {
    "code": 400,
    "message": "INVALID_LOGIN_CREDENTIALS",
    "errors": [
      {
        "message": "INVALID_LOGIN_CREDENTIALS",
        "domain": "global",
        "reason": "invalid"
      }
    ]
  }
}

2025-07-09 13:05:07,357 - NOMOCR - ERROR - Error: D:\learning\lab NLP\WeekOCR\selected_bia\image\Han_Nom\T09_08721.png - OCR: {"title": "t_000500", "text": "m_000500", "web_text": null, "debug_msg": "Internal Server Error"}
2025-07-09 13:27:49,062 - NOMOCR - ERROR - Error: D:\learning\lab NLP\WeekOCR\selected_bia\image\Han_Nom\T09_08721.png - OCR: {"title": "t_000500", "text": "m_000500", "web_text": null, "debug_msg": "Internal Server Error"}
2025-07-09 13:31:35,137 - NOMOCR - ERROR - Error: D:\learning\lab NLP\WeekOCR\selected_bia\image\Han_Nom\T09_08721.png - OCR: {"title": "t_000500", "text": "m_000500", "web_text": null, "debug_msg": "Internal Server Error"}
2025-08-09 12:21:08,919 - NOMOCR - ERROR - Error: D:\learning\lab NLP\Week03\VanBiaTienLang\selected_new_bia\Cache.cach - Upload: t_file_data_is_empty
2025-08-10 20:31:58,287 - NOMOCR - ERROR - Error: D:\learning\lab NLP\Week03\VanBiaTienLang\selected_new_bia\08456-21.jpg - Upload: HTTPSConnectionPool(host='3', port=443): Max retries exceeded with url: /api/web/clc-sinonom/image-upload (Caused by NameResolutionError("<urllib3.connection.HTTPSConnection object at 0x0000013F8D7C47F0>: Failed to resolve '3' ([Errno 11001] getaddrinfo failed)"))
2025-08-10 20:35:15,911 - NOMOCR - ERROR - Error: D:\learning\lab NLP\Week03\VanBiaTienLang\selected_new_bia\08456-21.jpg - Upload: HTTPSConnectionPool(host='3', port=443): Max retries exceeded with url: /api/web/clc-sinonom/image-upload (Caused by NameResolutionError("<urllib3.connection.HTTPSConnection object at 0x000002C42E839B20>: Failed to resolve '3' ([Errno 11001] getaddrinfo failed)"))
2025-08-10 20:37:54,035 - NOMOCR - ERROR - Error: D:\learning\lab NLP\Week03\VanBiaTienLang\selected_new_bia\08457-22.jpg - OCR: [Errno 2] No such file or directory: 'D:\\learning\\lab NLP\\Week03\\VanBiaTienLang/ocr/Han_Nom_ocr\\08457-22.json'
2025-08-10 20:58:03,583 - NOMOCR - ERROR - Error: D:\learning\lab NLP\Week03\VanBiaTienLang\selected_new_bia\Cache.cach - Upload: t_file_data_is_empty
2025-08-10 20:59:40,005 - NOMOCR - ERROR - Error: D:\learning\lab NLP\Week03\VanBiaTienLang\selected_new_bia\Cache.cach - Upload: t_file_data_is_empty
2025-12-15 10:41:18,383 - NOMOCR - ERROR - Error: C:\Users\7445\Documents\result1/image_processed/Han Nom\HVK_001_000_001_001.jpg - Upload: Failed to upload image: User account is not active
2025-12-15 10:44:11,495 - NOMOCR - ERROR - Error: C:\Users\7445\Documents\result1/image_processed/Han Nom\HVK_001_000_001_001.jpg - Upload: Failed to upload image: User account is not active
2025-12-15 16:34:30,419 - NOMOCR - ERROR - Error: C:\Users\7445\Documents\result6/image_processed/Han Nom\HVK_001_006_236_001.jpg - Upload: Failed to upload image: User account is not active
2025-12-15 17:49:24,646 - NOMOCR - ERROR - Error: C:\Users\7445\Documents\result6/image_processed/Han Nom\HVK_001_006_236_001.jpg - Upload: Failed to upload image: User account is not active
2025-12-15 21:04:49,081 - NOMOCR - ERROR - Error: C:\Users\7445\Documents\KIET\image_processed\Han Nom\SachTruyenCacThanh_001_01.jpg - Upload: Failed to upload image: User account is not active
2025-12-15 21:38:02,603 - NOMOCR - ERROR - Error: C:\Users\7445\Documents\result8/image_processed/Han Nom\HVK_001_008_001_01.jpg - Upload: Failed to upload image: User account is not active
2025-12-17 09:38:26,221 - NOMOCR - ERROR - Error: C:\Users\7445\Documents\result8/image_processed/Han Nom\HVK_001_008_001_01.jpg - Upload: Failed to upload image: User account is not active
2025-12-17 10:14:06,916 - NOMOCR - ERROR - Error: C:\Users\7445\Documents\result8/image_processed/Han Nom\HVK_001_008_001_01.jpg - Upload: Failed to upload image: User account is not active
